<?php

namespace App\Http\Controllers\{{model}};

use Laravel\Lumen\Routing\Controller as BaseController;
use RealPage\EnterpriseServices\Controllers\ApiControllerTrait;
use App\Models\{{model}}\{{model}};
use App\Schemas\{{model}}\{{model}}Schema;
use App\Repositories\{{model}}\{{model}}RepositoryInterface;

/**
 * Class {{model}}Controller Handles the requests related to {{model}} entity
 *
 * @package App\Http\Controllers\{{model}}
 */

class {{model}}Controller extends BaseController
{
    use ApiControllerTrait;

    /**
     * {{model}}Controller constructor.
     *
     * @param {{model}}RepositoryInterface $repository
     */
    public function __construct({{model}}RepositoryInterface $repository)
    {
        $this->repository = $repository;
        $this->schema = {{model}}Schema::class;
        $this->encoder = $this->getEncoderInstance([ {{model}}::class => {{model}}Schema::class ]);
    }
}
